{"/app/js/app-cliente/main.js": {"path":"/app/js/app-cliente/main.js","statementMap":{"0":{"start":{"line":3,"column":0},"end":{"line":17,"column":3}},"1":{"start":{"line":4,"column":23},"end":{"line":4,"column":61}},"2":{"start":{"line":5,"column":4},"end":{"line":5,"column":28}},"3":{"start":{"line":5,"column":21},"end":{"line":5,"column":28}},"4":{"start":{"line":8,"column":4},"end":{"line":8,"column":30}},"5":{"start":{"line":10,"column":21},"end":{"line":10,"column":72}},"6":{"start":{"line":11,"column":4},"end":{"line":13,"column":5}},"7":{"start":{"line":12,"column":8},"end":{"line":12,"column":42}},"8":{"start":{"line":16,"column":4},"end":{"line":16,"column":36}},"9":{"start":{"line":20,"column":19},"end":{"line":20,"column":20}},"10":{"start":{"line":21,"column":22},"end":{"line":32,"column":11}},"11":{"start":{"line":22,"column":8},"end":{"line":27,"column":9}},"12":{"start":{"line":23,"column":12},"end":{"line":23,"column":37}},"13":{"start":{"line":24,"column":12},"end":{"line":24,"column":84}},"14":{"start":{"line":25,"column":12},"end":{"line":25,"column":86}},"15":{"start":{"line":26,"column":12},"end":{"line":26,"column":32}},"16":{"start":{"line":28,"column":8},"end":{"line":28,"column":19}},"17":{"start":{"line":29,"column":8},"end":{"line":31,"column":9}},"18":{"start":{"line":30,"column":12},"end":{"line":30,"column":37}},"19":{"start":{"line":36,"column":18},"end":{"line":36,"column":63}},"20":{"start":{"line":37,"column":17},"end":{"line":37,"column":55}},"21":{"start":{"line":39,"column":4},"end":{"line":39,"column":32}},"22":{"start":{"line":39,"column":25},"end":{"line":39,"column":32}},"23":{"start":{"line":41,"column":4},"end":{"line":41,"column":52}},"24":{"start":{"line":43,"column":4},"end":{"line":60,"column":5}},"25":{"start":{"line":44,"column":27},"end":{"line":44,"column":79}},"26":{"start":{"line":45,"column":28},"end":{"line":45,"column":33}},"27":{"start":{"line":46,"column":8},"end":{"line":51,"column":9}},"28":{"start":{"line":47,"column":12},"end":{"line":50,"column":13}},"29":{"start":{"line":48,"column":16},"end":{"line":48,"column":91}},"30":{"start":{"line":49,"column":16},"end":{"line":49,"column":37}},"31":{"start":{"line":52,"column":8},"end":{"line":52,"column":32}},"32":{"start":{"line":53,"column":8},"end":{"line":57,"column":9}},"33":{"start":{"line":54,"column":12},"end":{"line":54,"column":42}},"34":{"start":{"line":56,"column":12},"end":{"line":56,"column":69}},"35":{"start":{"line":59,"column":8},"end":{"line":59,"column":65}},"36":{"start":{"line":62,"column":4},"end":{"line":106,"column":5}},"37":{"start":{"line":63,"column":21},"end":{"line":63,"column":96}},"38":{"start":{"line":64,"column":8},"end":{"line":102,"column":9}},"39":{"start":{"line":65,"column":29},"end":{"line":65,"column":46}},"40":{"start":{"line":66,"column":12},"end":{"line":99,"column":13}},"41":{"start":{"line":67,"column":16},"end":{"line":67,"column":69}},"42":{"start":{"line":69,"column":16},"end":{"line":69,"column":37}},"43":{"start":{"line":70,"column":16},"end":{"line":98,"column":19}},"44":{"start":{"line":71,"column":32},"end":{"line":71,"column":61}},"45":{"start":{"line":72,"column":20},"end":{"line":72,"column":56}},"46":{"start":{"line":73,"column":20},"end":{"line":73,"column":47}},"47":{"start":{"line":74,"column":20},"end":{"line":74,"column":52}},"48":{"start":{"line":75,"column":20},"end":{"line":75,"column":51}},"49":{"start":{"line":77,"column":30},"end":{"line":77,"column":57}},"50":{"start":{"line":78,"column":20},"end":{"line":78,"column":96}},"51":{"start":{"line":79,"column":20},"end":{"line":79,"column":39}},"52":{"start":{"line":82,"column":32},"end":{"line":82,"column":59}},"53":{"start":{"line":83,"column":20},"end":{"line":95,"column":21}},"54":{"start":{"line":84,"column":36},"end":{"line":84,"column":68}},"55":{"start":{"line":85,"column":24},"end":{"line":85,"column":59}},"56":{"start":{"line":86,"column":24},"end":{"line":86,"column":64}},"57":{"start":{"line":87,"column":24},"end":{"line":87,"column":87}},"58":{"start":{"line":87,"column":44},"end":{"line":87,"column":86}},"59":{"start":{"line":88,"column":24},"end":{"line":88,"column":45}},"60":{"start":{"line":90,"column":37},"end":{"line":90,"column":67}},"61":{"start":{"line":91,"column":24},"end":{"line":91,"column":53}},"62":{"start":{"line":92,"column":24},"end":{"line":92,"column":49}},"63":{"start":{"line":93,"column":24},"end":{"line":93,"column":98}},"64":{"start":{"line":94,"column":24},"end":{"line":94,"column":46}},"65":{"start":{"line":97,"column":20},"end":{"line":97,"column":43}},"66":{"start":{"line":101,"column":12},"end":{"line":101,"column":75}},"67":{"start":{"line":104,"column":8},"end":{"line":104,"column":53}},"68":{"start":{"line":105,"column":8},"end":{"line":105,"column":61}},"69":{"start":{"line":110,"column":4},"end":{"line":110,"column":77}},"70":{"start":{"line":110,"column":70},"end":{"line":110,"column":77}},"71":{"start":{"line":111,"column":4},"end":{"line":134,"column":5}},"72":{"start":{"line":112,"column":21},"end":{"line":122,"column":10}},"73":{"start":{"line":124,"column":8},"end":{"line":130,"column":9}},"74":{"start":{"line":125,"column":12},"end":{"line":125,"column":38}},"75":{"start":{"line":126,"column":12},"end":{"line":126,"column":32}},"76":{"start":{"line":128,"column":24},"end":{"line":128,"column":41}},"77":{"start":{"line":129,"column":12},"end":{"line":129,"column":43}},"78":{"start":{"line":132,"column":8},"end":{"line":132,"column":25}},"79":{"start":{"line":133,"column":8},"end":{"line":133,"column":35}}},"fnMap":{"0":{"name":"(anonymous_0)","decl":{"start":{"line":3,"column":46},"end":{"line":3,"column":47}},"loc":{"start":{"line":3,"column":52},"end":{"line":17,"column":1}},"line":3},"1":{"name":"verificarSesionYMostrarPerfil","decl":{"start":{"line":19,"column":9},"end":{"line":19,"column":38}},"loc":{"start":{"line":19,"column":41},"end":{"line":33,"column":1}},"line":19},"2":{"name":"(anonymous_2)","decl":{"start":{"line":21,"column":34},"end":{"line":21,"column":35}},"loc":{"start":{"line":21,"column":40},"end":{"line":32,"column":5}},"line":21},"3":{"name":"cargarDatosPerfil","decl":{"start":{"line":35,"column":22},"end":{"line":35,"column":39}},"loc":{"start":{"line":35,"column":42},"end":{"line":107,"column":1}},"line":35},"4":{"name":"(anonymous_4)","decl":{"start":{"line":70,"column":33},"end":{"line":70,"column":34}},"loc":{"start":{"line":70,"column":38},"end":{"line":98,"column":17}},"line":70},"5":{"name":"(anonymous_5)","decl":{"start":{"line":87,"column":38},"end":{"line":87,"column":39}},"loc":{"start":{"line":87,"column":44},"end":{"line":87,"column":86}},"line":87},"6":{"name":"cancelarReserva","decl":{"start":{"line":109,"column":22},"end":{"line":109,"column":37}},"loc":{"start":{"line":109,"column":67},"end":{"line":135,"column":1}},"line":109}},"branchMap":{"0":{"loc":{"start":{"line":5,"column":4},"end":{"line":5,"column":28}},"type":"if","locations":[{"start":{"line":5,"column":4},"end":{"line":5,"column":28}},{"start":{},"end":{}}],"line":5},"1":{"loc":{"start":{"line":11,"column":4},"end":{"line":13,"column":5}},"type":"if","locations":[{"start":{"line":11,"column":4},"end":{"line":13,"column":5}},{"start":{},"end":{}}],"line":11},"2":{"loc":{"start":{"line":22,"column":8},"end":{"line":27,"column":9}},"type":"if","locations":[{"start":{"line":22,"column":8},"end":{"line":27,"column":9}},{"start":{},"end":{}}],"line":22},"3":{"loc":{"start":{"line":29,"column":8},"end":{"line":31,"column":9}},"type":"if","locations":[{"start":{"line":29,"column":8},"end":{"line":31,"column":9}},{"start":{},"end":{}}],"line":29},"4":{"loc":{"start":{"line":39,"column":4},"end":{"line":39,"column":32}},"type":"if","locations":[{"start":{"line":39,"column":4},"end":{"line":39,"column":32}},{"start":{},"end":{}}],"line":39},"5":{"loc":{"start":{"line":39,"column":8},"end":{"line":39,"column":23}},"type":"binary-expr","locations":[{"start":{"line":39,"column":8},"end":{"line":39,"column":14}},{"start":{"line":39,"column":18},"end":{"line":39,"column":23}}],"line":39},"6":{"loc":{"start":{"line":43,"column":4},"end":{"line":60,"column":5}},"type":"if","locations":[{"start":{"line":43,"column":4},"end":{"line":60,"column":5}},{"start":{"line":58,"column":11},"end":{"line":60,"column":5}}],"line":43},"7":{"loc":{"start":{"line":47,"column":12},"end":{"line":50,"column":13}},"type":"if","locations":[{"start":{"line":47,"column":12},"end":{"line":50,"column":13}},{"start":{},"end":{}}],"line":47},"8":{"loc":{"start":{"line":53,"column":8},"end":{"line":57,"column":9}},"type":"if","locations":[{"start":{"line":53,"column":8},"end":{"line":57,"column":9}},{"start":{"line":55,"column":15},"end":{"line":57,"column":9}}],"line":53},"9":{"loc":{"start":{"line":64,"column":8},"end":{"line":102,"column":9}},"type":"if","locations":[{"start":{"line":64,"column":8},"end":{"line":102,"column":9}},{"start":{"line":100,"column":15},"end":{"line":102,"column":9}}],"line":64},"10":{"loc":{"start":{"line":66,"column":12},"end":{"line":99,"column":13}},"type":"if","locations":[{"start":{"line":66,"column":12},"end":{"line":99,"column":13}},{"start":{"line":68,"column":19},"end":{"line":99,"column":13}}],"line":66},"11":{"loc":{"start":{"line":83,"column":20},"end":{"line":95,"column":21}},"type":"if","locations":[{"start":{"line":83,"column":20},"end":{"line":95,"column":21}},{"start":{"line":89,"column":27},"end":{"line":95,"column":21}}],"line":83},"12":{"loc":{"start":{"line":110,"column":4},"end":{"line":110,"column":77}},"type":"if","locations":[{"start":{"line":110,"column":4},"end":{"line":110,"column":77}},{"start":{},"end":{}}],"line":110},"13":{"loc":{"start":{"line":124,"column":8},"end":{"line":130,"column":9}},"type":"if","locations":[{"start":{"line":124,"column":8},"end":{"line":130,"column":9}},{"start":{"line":127,"column":15},"end":{"line":130,"column":9}}],"line":124}},"s":{"0":1,"1":0,"2":0,"3":0,"4":0,"5":0,"6":0,"7":0,"8":0,"9":0,"10":0,"11":0,"12":0,"13":0,"14":0,"15":0,"16":0,"17":0,"18":0,"19":9,"20":9,"21":9,"22":1,"23":8,"24":8,"25":2,"26":2,"27":2,"28":3,"29":1,"30":1,"31":2,"32":2,"33":1,"34":1,"35":6,"36":8,"37":8,"38":7,"39":6,"40":6,"41":4,"42":2,"43":2,"44":2,"45":2,"46":2,"47":2,"48":2,"49":2,"50":2,"51":2,"52":2,"53":2,"54":1,"55":1,"56":1,"57":1,"58":0,"59":1,"60":1,"61":1,"62":1,"63":1,"64":1,"65":2,"66":1,"67":1,"68":1,"69":4,"70":1,"71":3,"72":3,"73":2,"74":1,"75":1,"76":1,"77":1,"78":1,"79":1},"f":{"0":0,"1":0,"2":0,"3":9,"4":2,"5":0,"6":4},"b":{"0":[0,0],"1":[0,0],"2":[0,0],"3":[0,0],"4":[1,8],"5":[9,8],"6":[2,6],"7":[1,2],"8":[1,1],"9":[6,1],"10":[4,2],"11":[1,1],"12":[1,3],"13":[1,1]},"_coverageSchema":"1a1c01bbd47fc00a2c39e90264f33305004495a9","hash":"4c2cc39c0998456154db485eaf849b9d9edbe064"}
,"/app/js/shared/auth.js": {"path":"/app/js/shared/auth.js","statementMap":{"0":{"start":{"line":7,"column":4},"end":{"line":11,"column":5}},"1":{"start":{"line":8,"column":8},"end":{"line":8,"column":82}},"2":{"start":{"line":9,"column":8},"end":{"line":9,"column":61}},"3":{"start":{"line":9,"column":25},"end":{"line":9,"column":54}},"4":{"start":{"line":10,"column":8},"end":{"line":10,"column":15}},"5":{"start":{"line":13,"column":27},"end":{"line":13,"column":63}},"6":{"start":{"line":14,"column":4},"end":{"line":22,"column":5}},"7":{"start":{"line":15,"column":23},"end":{"line":15,"column":49}},"8":{"start":{"line":17,"column":8},"end":{"line":17,"column":48}},"9":{"start":{"line":18,"column":8},"end":{"line":18,"column":43}},"10":{"start":{"line":19,"column":8},"end":{"line":19,"column":43}},"11":{"start":{"line":20,"column":8},"end":{"line":20,"column":55}},"12":{"start":{"line":21,"column":8},"end":{"line":21,"column":38}},"13":{"start":{"line":25,"column":4},"end":{"line":41,"column":7}},"14":{"start":{"line":29,"column":12},"end":{"line":39,"column":13}},"15":{"start":{"line":30,"column":16},"end":{"line":30,"column":59}},"16":{"start":{"line":33,"column":43},"end":{"line":33,"column":76}},"17":{"start":{"line":34,"column":16},"end":{"line":36,"column":39}},"18":{"start":{"line":35,"column":20},"end":{"line":35,"column":35}},"19":{"start":{"line":38,"column":16},"end":{"line":38,"column":60}},"20":{"start":{"line":45,"column":4},"end":{"line":47,"column":5}},"21":{"start":{"line":46,"column":8},"end":{"line":46,"column":62}},"22":{"start":{"line":51,"column":17},"end":{"line":53,"column":6}},"23":{"start":{"line":54,"column":19},"end":{"line":54,"column":36}},"24":{"start":{"line":55,"column":4},"end":{"line":55,"column":25}},"25":{"start":{"line":57,"column":4},"end":{"line":79,"column":5}},"26":{"start":{"line":58,"column":23},"end":{"line":68,"column":10}},"27":{"start":{"line":70,"column":8},"end":{"line":76,"column":9}},"28":{"start":{"line":71,"column":27},"end":{"line":71,"column":46}},"29":{"start":{"line":72,"column":12},"end":{"line":72,"column":45}},"30":{"start":{"line":73,"column":12},"end":{"line":73,"column":46}},"31":{"start":{"line":75,"column":12},"end":{"line":75,"column":57}},"32":{"start":{"line":78,"column":8},"end":{"line":78,"column":63}},"33":{"start":{"line":81,"column":4},"end":{"line":81,"column":65}},"34":{"start":{"line":83,"column":4},"end":{"line":83,"column":37}},"35":{"start":{"line":84,"column":4},"end":{"line":84,"column":39}},"36":{"start":{"line":85,"column":4},"end":{"line":85,"column":39}},"37":{"start":{"line":86,"column":4},"end":{"line":86,"column":51}},"38":{"start":{"line":88,"column":4},"end":{"line":88,"column":34}},"39":{"start":{"line":93,"column":25},"end":{"line":93,"column":65}},"40":{"start":{"line":94,"column":4},"end":{"line":94,"column":30}},"41":{"start":{"line":94,"column":23},"end":{"line":94,"column":30}},"42":{"start":{"line":96,"column":20},"end":{"line":96,"column":87}},"43":{"start":{"line":99,"column":4},"end":{"line":99,"column":34}},"44":{"start":{"line":101,"column":22},"end":{"line":101,"column":51}},"45":{"start":{"line":102,"column":4},"end":{"line":102,"column":39}},"46":{"start":{"line":103,"column":4},"end":{"line":103,"column":37}},"47":{"start":{"line":104,"column":4},"end":{"line":104,"column":42}},"48":{"start":{"line":105,"column":4},"end":{"line":105,"column":33}},"49":{"start":{"line":107,"column":16},"end":{"line":107,"column":45}},"50":{"start":{"line":108,"column":4},"end":{"line":108,"column":22}},"51":{"start":{"line":109,"column":4},"end":{"line":109,"column":39}},"52":{"start":{"line":110,"column":4},"end":{"line":110,"column":35}},"53":{"start":{"line":111,"column":4},"end":{"line":111,"column":29}},"54":{"start":{"line":112,"column":4},"end":{"line":112,"column":43}},"55":{"start":{"line":113,"column":4},"end":{"line":113,"column":31}},"56":{"start":{"line":115,"column":17},"end":{"line":115,"column":47}},"57":{"start":{"line":116,"column":4},"end":{"line":116,"column":33}},"58":{"start":{"line":117,"column":19},"end":{"line":117,"column":51}},"59":{"start":{"line":118,"column":4},"end":{"line":118,"column":37}},"60":{"start":{"line":119,"column":4},"end":{"line":119,"column":29}},"61":{"start":{"line":120,"column":4},"end":{"line":120,"column":32}},"62":{"start":{"line":122,"column":22},"end":{"line":122,"column":54}},"63":{"start":{"line":123,"column":4},"end":{"line":123,"column":32}},"64":{"start":{"line":124,"column":4},"end":{"line":124,"column":40}},"65":{"start":{"line":125,"column":4},"end":{"line":125,"column":36}},"66":{"start":{"line":126,"column":4},"end":{"line":126,"column":38}},"67":{"start":{"line":127,"column":4},"end":{"line":127,"column":39}},"68":{"start":{"line":128,"column":4},"end":{"line":128,"column":49}},"69":{"start":{"line":129,"column":4},"end":{"line":129,"column":38}},"70":{"start":{"line":130,"column":4},"end":{"line":130,"column":46}},"71":{"start":{"line":131,"column":4},"end":{"line":134,"column":6}},"72":{"start":{"line":132,"column":8},"end":{"line":132,"column":27}},"73":{"start":{"line":133,"column":8},"end":{"line":133,"column":23}},"74":{"start":{"line":135,"column":4},"end":{"line":135,"column":37}},"75":{"start":{"line":137,"column":4},"end":{"line":137,"column":40}},"76":{"start":{"line":139,"column":27},"end":{"line":139,"column":69}},"77":{"start":{"line":140,"column":4},"end":{"line":142,"column":5}},"78":{"start":{"line":141,"column":8},"end":{"line":141,"column":47}},"79":{"start":{"line":144,"column":24},"end":{"line":144,"column":64}},"80":{"start":{"line":145,"column":4},"end":{"line":147,"column":5}},"81":{"start":{"line":146,"column":8},"end":{"line":146,"column":51}},"82":{"start":{"line":153,"column":4},"end":{"line":156,"column":5}},"83":{"start":{"line":154,"column":8},"end":{"line":155,"column":11}},"84":{"start":{"line":159,"column":4},"end":{"line":159,"column":27}},"85":{"start":{"line":162,"column":4},"end":{"line":162,"column":30}},"86":{"start":{"line":165,"column":4},"end":{"line":167,"column":12}},"87":{"start":{"line":166,"column":8},"end":{"line":166,"column":33}}},"fnMap":{"0":{"name":"inicializarGoogleAuth","decl":{"start":{"line":6,"column":16},"end":{"line":6,"column":37}},"loc":{"start":{"line":6,"column":46},"end":{"line":42,"column":1}},"line":6},"1":{"name":"(anonymous_1)","decl":{"start":{"line":9,"column":19},"end":{"line":9,"column":20}},"loc":{"start":{"line":9,"column":25},"end":{"line":9,"column":54}},"line":9},"2":{"name":"(anonymous_2)","decl":{"start":{"line":28,"column":18},"end":{"line":28,"column":19}},"loc":{"start":{"line":28,"column":32},"end":{"line":40,"column":9}},"line":28},"3":{"name":"(anonymous_3)","decl":{"start":{"line":34,"column":27},"end":{"line":34,"column":28}},"loc":{"start":{"line":34,"column":33},"end":{"line":36,"column":17}},"line":34},"4":{"name":"loginConGoogle","decl":{"start":{"line":44,"column":16},"end":{"line":44,"column":30}},"loc":{"start":{"line":44,"column":33},"end":{"line":48,"column":1}},"line":44},"5":{"name":"obtenerPerfilUsuario","decl":{"start":{"line":50,"column":15},"end":{"line":50,"column":35}},"loc":{"start":{"line":50,"column":43},"end":{"line":89,"column":1}},"line":50},"6":{"name":"mostrarSesionIniciada","decl":{"start":{"line":92,"column":16},"end":{"line":92,"column":37}},"loc":{"start":{"line":92,"column":46},"end":{"line":148,"column":1}},"line":92},"7":{"name":"(anonymous_7)","decl":{"start":{"line":131,"column":24},"end":{"line":131,"column":25}},"loc":{"start":{"line":131,"column":31},"end":{"line":134,"column":5}},"line":131},"8":{"name":"cerrarSesion","decl":{"start":{"line":151,"column":16},"end":{"line":151,"column":28}},"loc":{"start":{"line":151,"column":31},"end":{"line":168,"column":1}},"line":151},"9":{"name":"(anonymous_9)","decl":{"start":{"line":154,"column":58},"end":{"line":154,"column":59}},"loc":{"start":{"line":154,"column":64},"end":{"line":155,"column":9}},"line":154},"10":{"name":"(anonymous_10)","decl":{"start":{"line":165,"column":15},"end":{"line":165,"column":16}},"loc":{"start":{"line":165,"column":21},"end":{"line":167,"column":5}},"line":165}},"branchMap":{"0":{"loc":{"start":{"line":7,"column":4},"end":{"line":11,"column":5}},"type":"if","locations":[{"start":{"line":7,"column":4},"end":{"line":11,"column":5}},{"start":{},"end":{}}],"line":7},"1":{"loc":{"start":{"line":14,"column":4},"end":{"line":22,"column":5}},"type":"if","locations":[{"start":{"line":14,"column":4},"end":{"line":22,"column":5}},{"start":{},"end":{}}],"line":14},"2":{"loc":{"start":{"line":20,"column":33},"end":{"line":20,"column":54}},"type":"binary-expr","locations":[{"start":{"line":20,"column":33},"end":{"line":20,"column":48}},{"start":{"line":20,"column":52},"end":{"line":20,"column":54}}],"line":20},"3":{"loc":{"start":{"line":29,"column":12},"end":{"line":39,"column":13}},"type":"if","locations":[{"start":{"line":29,"column":12},"end":{"line":39,"column":13}},{"start":{},"end":{}}],"line":29},"4":{"loc":{"start":{"line":45,"column":4},"end":{"line":47,"column":5}},"type":"if","locations":[{"start":{"line":45,"column":4},"end":{"line":47,"column":5}},{"start":{},"end":{}}],"line":45},"5":{"loc":{"start":{"line":70,"column":8},"end":{"line":76,"column":9}},"type":"if","locations":[{"start":{"line":70,"column":8},"end":{"line":76,"column":9}},{"start":{"line":74,"column":15},"end":{"line":76,"column":9}}],"line":70},"6":{"loc":{"start":{"line":86,"column":29},"end":{"line":86,"column":50}},"type":"binary-expr","locations":[{"start":{"line":86,"column":29},"end":{"line":86,"column":44}},{"start":{"line":86,"column":48},"end":{"line":86,"column":50}}],"line":86},"7":{"loc":{"start":{"line":94,"column":4},"end":{"line":94,"column":30}},"type":"if","locations":[{"start":{"line":94,"column":4},"end":{"line":94,"column":30}},{"start":{},"end":{}}],"line":94},"8":{"loc":{"start":{"line":96,"column":20},"end":{"line":96,"column":87}},"type":"binary-expr","locations":[{"start":{"line":96,"column":20},"end":{"line":96,"column":34}},{"start":{"line":96,"column":38},"end":{"line":96,"column":51}},{"start":{"line":96,"column":55},"end":{"line":96,"column":87}}],"line":96},"9":{"loc":{"start":{"line":140,"column":4},"end":{"line":142,"column":5}},"type":"if","locations":[{"start":{"line":140,"column":4},"end":{"line":142,"column":5}},{"start":{},"end":{}}],"line":140},"10":{"loc":{"start":{"line":145,"column":4},"end":{"line":147,"column":5}},"type":"if","locations":[{"start":{"line":145,"column":4},"end":{"line":147,"column":5}},{"start":{},"end":{}}],"line":145},"11":{"loc":{"start":{"line":153,"column":4},"end":{"line":156,"column":5}},"type":"if","locations":[{"start":{"line":153,"column":4},"end":{"line":156,"column":5}},{"start":{},"end":{}}],"line":153}},"s":{"0":0,"1":0,"2":0,"3":0,"4":0,"5":0,"6":0,"7":0,"8":0,"9":0,"10":0,"11":0,"12":0,"13":0,"14":0,"15":0,"16":0,"17":0,"18":0,"19":0,"20":0,"21":0,"22":0,"23":0,"24":0,"25":0,"26":0,"27":0,"28":0,"29":0,"30":0,"31":0,"32":0,"33":0,"34":0,"35":0,"36":0,"37":0,"38":0,"39":0,"40":0,"41":0,"42":0,"43":0,"44":0,"45":0,"46":0,"47":0,"48":0,"49":0,"50":0,"51":0,"52":0,"53":0,"54":0,"55":0,"56":0,"57":0,"58":0,"59":0,"60":0,"61":0,"62":0,"63":0,"64":0,"65":0,"66":0,"67":0,"68":0,"69":0,"70":0,"71":0,"72":0,"73":0,"74":0,"75":0,"76":0,"77":0,"78":0,"79":0,"80":0,"81":0,"82":0,"83":0,"84":0,"85":0,"86":0,"87":0},"f":{"0":0,"1":0,"2":0,"3":0,"4":0,"5":0,"6":0,"7":0,"8":0,"9":0,"10":0},"b":{"0":[0,0],"1":[0,0],"2":[0,0],"3":[0,0],"4":[0,0],"5":[0,0],"6":[0,0],"7":[0,0],"8":[0,0,0],"9":[0,0],"10":[0,0],"11":[0,0]},"_coverageSchema":"1a1c01bbd47fc00a2c39e90264f33305004495a9","hash":"6069cfb7d80171d3b48d8218f6b3caf0d2c336f6"}
}
