TN:
SF:js/app-cliente/main.js
FN:3,(anonymous_0)
FN:19,verificarSesionYMostrarPerfil
FN:21,(anonymous_2)
FN:35,cargarDatosPerfil
FN:70,(anonymous_4)
FN:87,(anonymous_5)
FN:109,cancelarReserva
FNF:7
FNH:3
FNDA:0,(anonymous_0)
FNDA:0,verificarSesionYMostrarPerfil
FNDA:0,(anonymous_2)
FNDA:9,cargarDatosPerfil
FNDA:2,(anonymous_4)
FNDA:0,(anonymous_5)
FNDA:4,cancelarReserva
DA:3,1
DA:4,0
DA:5,0
DA:8,0
DA:10,0
DA:11,0
DA:12,0
DA:16,0
DA:20,0
DA:21,0
DA:22,0
DA:23,0
DA:24,0
DA:25,0
DA:26,0
DA:28,0
DA:29,0
DA:30,0
DA:36,9
DA:37,9
DA:39,9
DA:41,8
DA:43,8
DA:44,2
DA:45,2
DA:46,2
DA:47,3
DA:48,1
DA:49,1
DA:52,2
DA:53,2
DA:54,1
DA:56,1
DA:59,6
DA:62,8
DA:63,8
DA:64,7
DA:65,6
DA:66,6
DA:67,4
DA:69,2
DA:70,2
DA:71,2
DA:72,2
DA:73,2
DA:74,2
DA:75,2
DA:77,2
DA:78,2
DA:79,2
DA:82,2
DA:83,2
DA:84,1
DA:85,1
DA:86,1
DA:87,1
DA:88,1
DA:90,1
DA:91,1
DA:92,1
DA:93,1
DA:94,1
DA:97,2
DA:101,1
DA:104,1
DA:105,1
DA:110,4
DA:111,3
DA:112,3
DA:124,2
DA:125,1
DA:126,1
DA:128,1
DA:129,1
DA:132,1
DA:133,1
LF:76
LH:59
BRDA:5,0,0,0
BRDA:5,0,1,0
BRDA:11,1,0,0
BRDA:11,1,1,0
BRDA:22,2,0,0
BRDA:22,2,1,0
BRDA:29,3,0,0
BRDA:29,3,1,0
BRDA:39,4,0,1
BRDA:39,4,1,8
BRDA:39,5,0,9
BRDA:39,5,1,8
BRDA:43,6,0,2
BRDA:43,6,1,6
BRDA:47,7,0,1
BRDA:47,7,1,2
BRDA:53,8,0,1
BRDA:53,8,1,1
BRDA:64,9,0,6
BRDA:64,9,1,1
BRDA:66,10,0,4
BRDA:66,10,1,2
BRDA:83,11,0,1
BRDA:83,11,1,1
BRDA:110,12,0,1
BRDA:110,12,1,3
BRDA:124,13,0,1
BRDA:124,13,1,1
BRF:28
BRH:20
end_of_record
TN:
SF:js/shared/auth.js
FN:6,inicializarGoogleAuth
FN:9,(anonymous_1)
FN:28,(anonymous_2)
FN:34,(anonymous_3)
FN:44,loginConGoogle
FN:50,obtenerPerfilUsuario
FN:92,mostrarSesionIniciada
FN:131,(anonymous_7)
FN:151,cerrarSesion
FN:154,(anonymous_9)
FN:165,(anonymous_10)
FNF:11
FNH:0
FNDA:0,inicializarGoogleAuth
FNDA:0,(anonymous_1)
FNDA:0,(anonymous_2)
FNDA:0,(anonymous_3)
FNDA:0,loginConGoogle
FNDA:0,obtenerPerfilUsuario
FNDA:0,mostrarSesionIniciada
FNDA:0,(anonymous_7)
FNDA:0,cerrarSesion
FNDA:0,(anonymous_9)
FNDA:0,(anonymous_10)
DA:7,0
DA:8,0
DA:9,0
DA:10,0
DA:13,0
DA:14,0
DA:15,0
DA:17,0
DA:18,0
DA:19,0
DA:20,0
DA:21,0
DA:25,0
DA:29,0
DA:30,0
DA:33,0
DA:34,0
DA:35,0
DA:38,0
DA:45,0
DA:46,0
DA:51,0
DA:54,0
DA:55,0
DA:57,0
DA:58,0
DA:70,0
DA:71,0
DA:72,0
DA:73,0
DA:75,0
DA:78,0
DA:81,0
DA:83,0
DA:84,0
DA:85,0
DA:86,0
DA:88,0
DA:93,0
DA:94,0
DA:96,0
DA:99,0
DA:101,0
DA:102,0
DA:103,0
DA:104,0
DA:105,0
DA:107,0
DA:108,0
DA:109,0
DA:110,0
DA:111,0
DA:112,0
DA:113,0
DA:115,0
DA:116,0
DA:117,0
DA:118,0
DA:119,0
DA:120,0
DA:122,0
DA:123,0
DA:124,0
DA:125,0
DA:126,0
DA:127,0
DA:128,0
DA:129,0
DA:130,0
DA:131,0
DA:132,0
DA:133,0
DA:135,0
DA:137,0
DA:139,0
DA:140,0
DA:141,0
DA:144,0
DA:145,0
DA:146,0
DA:153,0
DA:154,0
DA:159,0
DA:162,0
DA:165,0
DA:166,0
LF:86
LH:0
BRDA:7,0,0,0
BRDA:7,0,1,0
BRDA:14,1,0,0
BRDA:14,1,1,0
BRDA:20,2,0,0
BRDA:20,2,1,0
BRDA:29,3,0,0
BRDA:29,3,1,0
BRDA:45,4,0,0
BRDA:45,4,1,0
BRDA:70,5,0,0
BRDA:70,5,1,0
BRDA:86,6,0,0
BRDA:86,6,1,0
BRDA:94,7,0,0
BRDA:94,7,1,0
BRDA:96,8,0,0
BRDA:96,8,1,0
BRDA:96,8,2,0
BRDA:140,9,0,0
BRDA:140,9,1,0
BRDA:145,10,0,0
BRDA:145,10,1,0
BRDA:153,11,0,0
BRDA:153,11,1,0
BRF:25
BRH:0
end_of_record
